# JRE version: OpenJDK Runtime Environment Temurin-17.0.1+12 (17.0.1+12) (build 17.0.1+12)
# Java VM: OpenJDK 64-Bit Server VM Temurin-17.0.1+12 (17.0.1+12, mixed mode, tiered, compressed oops, compressed class ptrs, parallel gc, windows-amd64)
GC Precious Log:
 CPUs: 16 total, 16 available
 Memory: 8027M
 Large Page Support: Disabled
 NUMA Support: Disabled
 Compressed Oops: Enabled (32-bit)
 Alignments: Space 512K, Generation 512K, Heap 2M
 Heap Min Capacity: 100M
 Heap Initial Capacity: 100M
 Heap Max Capacity: 1G
 Pre-touch: Disabled
 Parallel Workers: 13
Heap:
 PSYoungGen      total 4096K, used 1835K [0x00000000eab00000, 0x00000000eaf80000, 0x0000000100000000)
  eden space 3072K, 44% used [0x00000000eab00000,0x00000000eac52f40,0x00000000eae00000)
  from space 1024K, 46% used [0x00000000eae00000,0x00000000eae78000,0x00000000eaf00000)
  to   space 512K, 0% used [0x00000000eaf00000,0x00000000eaf00000,0x00000000eaf80000)
 ParOldGen       total 243200K, used 180415K [0x00000000c0000000, 0x00000000ced80000, 0x00000000eab00000)
  object space 243200K, 74% used [0x00000000c0000000,0x00000000cb02ffa8,0x00000000ced80000)
 Metaspace       used 75410K, committed 76416K, reserved 1122304K
  class space    used 7738K, committed 8128K, reserved 1048576K
GC Heap History (20 events):
Event: 1409.353 GC heap before
{Heap before GC invocations=484 (full 18):
 PSYoungGen      total 4096K, used 4074K [0x00000000eab00000, 0x00000000eb080000, 0x0000000100000000)
  eden space 3584K, 100% used [0x00000000eab00000,0x00000000eae80000,0x00000000eae80000)
  from space 512K, 95% used [0x00000000eaf00000,0x00000000eaf7a910,0x00000000eaf80000)
  to   space 1024K, 0% used [0x00000000eaf80000,0x00000000eaf80000,0x00000000eb080000)
 ParOldGen       total 270848K, used 268260K [0x00000000c0000000, 0x00000000d0880000, 0x00000000eab00000)
  object space 270848K, 99% used [0x00000000c0000000,0x00000000d05f9148,0x00000000d0880000)
 Metaspace       used 72639K, committed 73664K, reserved 1122304K
  class space    used 7338K, committed 7744K, reserved 1048576K
}
Event: 1409.355 GC heap after
{Heap after GC invocations=484 (full 18):
 PSYoungGen      total 4096K, used 384K [0x00000000eab00000, 0x00000000eb000000, 0x0000000100000000)
  eden space 3584K, 0% used [0x00000000eab00000,0x00000000eab00000,0x00000000eae80000)
  from space 512K, 75% used [0x00000000eaf80000,0x00000000eafe0000,0x00000000eb000000)
  to   space 512K, 0% used [0x00000000eaf00000,0x00000000eaf00000,0x00000000eaf80000)
 ParOldGen       total 270848K, used 268664K [0x00000000c0000000, 0x00000000d0880000, 0x00000000eab00000)
  object space 270848K, 99% used [0x00000000c0000000,0x00000000d065e368,0x00000000d0880000)
 Metaspace       used 72639K, committed 73664K, reserved 1122304K
  class space    used 7338K, committed 7744K, reserved 1048576K
}
Event: 1409.359 GC heap before
{Heap before GC invocations=485 (full 18):
 PSYoungGen      total 4096K, used 3968K [0x00000000eab00000, 0x00000000eb000000, 0x0000000100000000)
  eden space 3584K, 100% used [0x00000000eab00000,0x00000000eae80000,0x00000000eae80000)
  from space 512K, 75% used [0x00000000eaf80000,0x00000000eafe0000,0x00000000eb000000)
  to   space 512K, 0% used [0x00000000eaf00000,0x00000000eaf00000,0x00000000eaf80000)
 ParOldGen       total 270848K, used 268664K [0x00000000c0000000, 0x00000000d0880000, 0x00000000eab00000)
  object space 270848K, 99% used [0x00000000c0000000,0x00000000d065e368,0x00000000d0880000)
 Metaspace       used 72639K, committed 73664K, reserved 1122304K
  class space    used 7338K, committed 7744K, reserved 1048576K
}
Event: 1409.361 GC heap after
{Heap after GC invocations=485 (full 18):
 PSYoungGen      total 4096K, used 352K [0x00000000eab00000, 0x00000000eb000000, 0x0000000100000000)
  eden space 3584K, 0% used [0x00000000eab00000,0x00000000eab00000,0x00000000eae80000)
  from space 512K, 68% used [0x00000000eaf00000,0x00000000eaf58000,0x00000000eaf80000)
  to   space 512K, 0% used [0x00000000eaf80000,0x00000000eaf80000,0x00000000eb000000)
 ParOldGen       total 270848K, used 268896K [0x00000000c0000000, 0x00000000d0880000, 0x00000000eab00000)
  object space 270848K, 99% used [0x00000000c0000000,0x00000000d0698368,0x00000000d0880000)
 Metaspace       used 72639K, committed 73664K, reserved 1122304K
  class space    used 7338K, committed 7744K, reserved 1048576K
}
Event: 1409.366 GC heap before
{Heap before GC invocations=486 (full 18):
 PSYoungGen      total 4096K, used 3936K [0x00000000eab00000, 0x00000000eb000000, 0x0000000100000000)
  eden space 3584K, 100% used [0x00000000eab00000,0x00000000eae80000,0x00000000eae80000)
  from space 512K, 68% used [0x00000000eaf00000,0x00000000eaf58000,0x00000000eaf80000)
  to   space 512K, 0% used [0x00000000eaf80000,0x00000000eaf80000,0x00000000eb000000)
 ParOldGen       total 270848K, used 268896K [0x00000000c0000000, 0x00000000d0880000, 0x00000000eab00000)
  object space 270848K, 99% used [0x00000000c0000000,0x00000000d0698368,0x00000000d0880000)
 Metaspace       used 72639K, committed 73664K, reserved 1122304K
  class space    used 7338K, committed 7744K, reserved 1048576K
}
Event: 1409.367 GC heap after
{Heap after GC invocations=486 (full 18):
 PSYoungGen      total 4096K, used 448K [0x00000000eab00000, 0x00000000eb000000, 0x0000000100000000)
  eden space 3584K, 0% used [0x00000000eab00000,0x00000000eab00000,0x00000000eae80000)
  from space 512K, 87% used [0x00000000eaf80000,0x00000000eaff0000,0x00000000eb000000)
  to   space 512K, 0% used [0x00000000eaf00000,0x00000000eaf00000,0x00000000eaf80000)
 ParOldGen       total 270848K, used 269200K [0x00000000c0000000, 0x00000000d0880000, 0x00000000eab00000)
  object space 270848K, 99% used [0x00000000c0000000,0x00000000d06e4368,0x00000000d0880000)
 Metaspace       used 72639K, committed 73664K, reserved 1122304K
  class space    used 7338K, committed 7744K, reserved 1048576K
}
Event: 1409.372 GC heap before
{Heap before GC invocations=487 (full 18):
 PSYoungGen      total 4096K, used 4032K [0x00000000eab00000, 0x00000000eb000000, 0x0000000100000000)
  eden space 3584K, 100% used [0x00000000eab00000,0x00000000eae80000,0x00000000eae80000)
  from space 512K, 87% used [0x00000000eaf80000,0x00000000eaff0000,0x00000000eb000000)
  to   space 512K, 0% used [0x00000000eaf00000,0x00000000eaf00000,0x00000000eaf80000)
 ParOldGen       total 270848K, used 269200K [0x00000000c0000000, 0x00000000d0880000, 0x00000000eab00000)
  object space 270848K, 99% used [0x00000000c0000000,0x00000000d06e4368,0x00000000d0880000)
 Metaspace       used 72639K, committed 73664K, reserved 1122304K
  class space    used 7338K, committed 7744K, reserved 1048576K
}
Event: 1409.373 GC heap after
{Heap after GC invocations=487 (full 18):
 PSYoungGen      total 4096K, used 384K [0x00000000eab00000, 0x00000000eb000000, 0x0000000100000000)
  eden space 3584K, 0% used [0x00000000eab00000,0x00000000eab00000,0x00000000eae80000)
  from space 512K, 75% used [0x00000000eaf00000,0x00000000eaf60000,0x00000000eaf80000)
  to   space 512K, 0% used [0x00000000eaf80000,0x00000000eaf80000,0x00000000eb000000)
 ParOldGen       total 270848K, used 269496K [0x00000000c0000000, 0x00000000d0880000, 0x00000000eab00000)
  object space 270848K, 99% used [0x00000000c0000000,0x00000000d072e368,0x00000000d0880000)
 Metaspace       used 72639K, committed 73664K, reserved 1122304K
  class space    used 7338K, committed 7744K, reserved 1048576K
}
Event: 1409.378 GC heap before
{Heap before GC invocations=488 (full 18):
 PSYoungGen      total 4096K, used 3968K [0x00000000eab00000, 0x00000000eb000000, 0x0000000100000000)
  eden space 3584K, 100% used [0x00000000eab00000,0x00000000eae80000,0x00000000eae80000)
  from space 512K, 75% used [0x00000000eaf00000,0x00000000eaf60000,0x00000000eaf80000)
  to   space 512K, 0% used [0x00000000eaf80000,0x00000000eaf80000,0x00000000eb000000)
 ParOldGen       total 270848K, used 269496K [0x00000000c0000000, 0x00000000d0880000, 0x00000000eab00000)
  object space 270848K, 99% used [0x00000000c0000000,0x00000000d072e368,0x00000000d0880000)
 Metaspace       used 72639K, committed 73664K, reserved 1122304K
  class space    used 7338K, committed 7744K, reserved 1048576K
}
Event: 1409.379 GC heap after
{Heap after GC invocations=488 (full 18):
 PSYoungGen      total 4096K, used 480K [0x00000000eab00000, 0x00000000eb000000, 0x0000000100000000)
  eden space 3584K, 0% used [0x00000000eab00000,0x00000000eab00000,0x00000000eae80000)
  from space 512K, 93% used [0x00000000eaf80000,0x00000000eaff8000,0x00000000eb000000)
  to   space 512K, 0% used [0x00000000eaf00000,0x00000000eaf00000,0x00000000eaf80000)
 ParOldGen       total 270848K, used 269792K [0x00000000c0000000, 0x00000000d0880000, 0x00000000eab00000)
  object space 270848K, 99% used [0x00000000c0000000,0x00000000d0778368,0x00000000d0880000)
 Metaspace       used 72639K, committed 73664K, reserved 1122304K
  class space    used 7338K, committed 7744K, reserved 1048576K
}
Event: 1409.385 GC heap before
{Heap before GC invocations=489 (full 18):
 PSYoungGen      total 4096K, used 4064K [0x00000000eab00000, 0x00000000eb000000, 0x0000000100000000)
  eden space 3584K, 100% used [0x00000000eab00000,0x00000000eae80000,0x00000000eae80000)
  from space 512K, 93% used [0x00000000eaf80000,0x00000000eaff8000,0x00000000eb000000)
  to   space 512K, 0% used [0x00000000eaf00000,0x00000000eaf00000,0x00000000eaf80000)
 ParOldGen       total 270848K, used 269792K [0x00000000c0000000, 0x00000000d0880000, 0x00000000eab00000)
  object space 270848K, 99% used [0x00000000c0000000,0x00000000d0778368,0x00000000d0880000)
 Metaspace       used 72640K, committed 73664K, reserved 1122304K
  class space    used 7338K, committed 7744K, reserved 1048576K
}
Event: 1409.386 GC heap after
{Heap after GC invocations=489 (full 18):
 PSYoungGen      total 4096K, used 512K [0x00000000eab00000, 0x00000000eb000000, 0x0000000100000000)
  eden space 3584K, 0% used [0x00000000eab00000,0x00000000eab00000,0x00000000eae80000)
  from space 512K, 100% used [0x00000000eaf00000,0x00000000eaf80000,0x00000000eaf80000)
  to   space 512K, 0% used [0x00000000eaf80000,0x00000000eaf80000,0x00000000eb000000)
 ParOldGen       total 270848K, used 270549K [0x00000000c0000000, 0x00000000d0880000, 0x00000000eab00000)
  object space 270848K, 99% used [0x00000000c0000000,0x00000000d08356c0,0x00000000d0880000)
 Metaspace       used 72640K, committed 73664K, reserved 1122304K
  class space    used 7338K, committed 7744K, reserved 1048576K
}
Event: 1409.386 GC heap before
{Heap before GC invocations=490 (full 19):
 PSYoungGen      total 4096K, used 512K [0x00000000eab00000, 0x00000000eb000000, 0x0000000100000000)
  eden space 3584K, 0% used [0x00000000eab00000,0x00000000eab00000,0x00000000eae80000)
  from space 512K, 100% used [0x00000000eaf00000,0x00000000eaf80000,0x00000000eaf80000)
  to   space 512K, 0% used [0x00000000eaf80000,0x00000000eaf80000,0x00000000eb000000)
 ParOldGen       total 270848K, used 270549K [0x00000000c0000000, 0x00000000d0880000, 0x00000000eab00000)
  object space 270848K, 99% used [0x00000000c0000000,0x00000000d08356c0,0x00000000d0880000)
 Metaspace       used 72640K, committed 73664K, reserved 1122304K
  class space    used 7338K, committed 7744K, reserved 1048576K
}
Event: 1409.438 GC heap after
{Heap after GC invocations=490 (full 19):
 PSYoungGen      total 3584K, used 0K [0x00000000eab00000, 0x00000000eb180000, 0x0000000100000000)
  eden space 3072K, 0% used [0x00000000eab00000,0x00000000eab00000,0x00000000eae00000)
  from space 512K, 0% used [0x00000000eaf80000,0x00000000eaf80000,0x00000000eb000000)
  to   space 1536K, 0% used [0x00000000eae00000,0x00000000eae00000,0x00000000eaf80000)
 ParOldGen       total 243200K, used 180008K [0x00000000c0000000, 0x00000000ced80000, 0x00000000eab00000)
  object space 243200K, 74% used [0x00000000c0000000,0x00000000cafca1b0,0x00000000ced80000)
 Metaspace       used 72640K, committed 73664K, reserved 1122304K
  class space    used 7338K, committed 7744K, reserved 1048576K
}
Event: 1410.553 GC heap before
{Heap before GC invocations=491 (full 19):
 PSYoungGen      total 3584K, used 3053K [0x00000000eab00000, 0x00000000eb180000, 0x0000000100000000)
  eden space 3072K, 99% used [0x00000000eab00000,0x00000000eadfb778,0x00000000eae00000)
  from space 512K, 0% used [0x00000000eaf80000,0x00000000eaf80000,0x00000000eb000000)
  to   space 1536K, 0% used [0x00000000eae00000,0x00000000eae00000,0x00000000eaf80000)
 ParOldGen       total 243200K, used 180008K [0x00000000c0000000, 0x00000000ced80000, 0x00000000eab00000)
  object space 243200K, 74% used [0x00000000c0000000,0x00000000cafca1b0,0x00000000ced80000)
 Metaspace       used 72900K, committed 73856K, reserved 1122304K
  class space    used 7371K, committed 7744K, reserved 1048576K
}
Event: 1410.554 GC heap after
{Heap after GC invocations=491 (full 19):
 PSYoungGen      total 3584K, used 448K [0x00000000eab00000, 0x00000000eb000000, 0x0000000100000000)
  eden space 3072K, 0% used [0x00000000eab00000,0x00000000eab00000,0x00000000eae00000)
  from space 512K, 87% used [0x00000000eae00000,0x00000000eae70000,0x00000000eae80000)
  to   space 1024K, 0% used [0x00000000eaf00000,0x00000000eaf00000,0x00000000eb000000)
 ParOldGen       total 243200K, used 180016K [0x00000000c0000000, 0x00000000ced80000, 0x00000000eab00000)
  object space 243200K, 74% used [0x00000000c0000000,0x00000000cafcc1b0,0x00000000ced80000)
 Metaspace       used 72900K, committed 73856K, reserved 1122304K
  class space    used 7371K, committed 7744K, reserved 1048576K
}
Event: 1410.650 GC heap before
{Heap before GC invocations=492 (full 19):
 PSYoungGen      total 3584K, used 3520K [0x00000000eab00000, 0x00000000eb000000, 0x0000000100000000)
  eden space 3072K, 100% used [0x00000000eab00000,0x00000000eae00000,0x00000000eae00000)
  from space 512K, 87% used [0x00000000eae00000,0x00000000eae70000,0x00000000eae80000)
  to   space 1024K, 0% used [0x00000000eaf00000,0x00000000eaf00000,0x00000000eb000000)
 ParOldGen       total 243200K, used 180016K [0x00000000c0000000, 0x00000000ced80000, 0x00000000eab00000)
  object space 243200K, 74% used [0x00000000c0000000,0x00000000cafcc1b0,0x00000000ced80000)
 Metaspace       used 74218K, committed 75264K, reserved 1122304K
  class space    used 7517K, committed 7936K, reserved 1048576K
}
Event: 1410.650 GC heap after
{Heap after GC invocations=492 (full 19):
 PSYoungGen      total 4096K, used 496K [0x00000000eab00000, 0x00000000eb000000, 0x0000000100000000)
  eden space 3072K, 0% used [0x00000000eab00000,0x00000000eab00000,0x00000000eae00000)
  from space 1024K, 48% used [0x00000000eaf00000,0x00000000eaf7c230,0x00000000eb000000)
  to   space 1024K, 0% used [0x00000000eae00000,0x00000000eae00000,0x00000000eaf00000)
 ParOldGen       total 243200K, used 180184K [0x00000000c0000000, 0x00000000ced80000, 0x00000000eab00000)
  object space 243200K, 74% used [0x00000000c0000000,0x00000000caff61b0,0x00000000ced80000)
 Metaspace       used 74218K, committed 75264K, reserved 1122304K
  class space    used 7517K, committed 7936K, reserved 1048576K
}
Event: 1410.705 GC heap before
{Heap before GC invocations=493 (full 19):
 PSYoungGen      total 4096K, used 3568K [0x00000000eab00000, 0x00000000eb000000, 0x0000000100000000)
  eden space 3072K, 100% used [0x00000000eab00000,0x00000000eae00000,0x00000000eae00000)
  from space 1024K, 48% used [0x00000000eaf00000,0x00000000eaf7c230,0x00000000eb000000)
  to   space 1024K, 0% used [0x00000000eae00000,0x00000000eae00000,0x00000000eaf00000)
 ParOldGen       total 243200K, used 180184K [0x00000000c0000000, 0x00000000ced80000, 0x00000000eab00000)
  object space 243200K, 74% used [0x00000000c0000000,0x00000000caff61b0,0x00000000ced80000)
 Metaspace       used 75193K, committed 76160K, reserved 1122304K
  class space    used 7699K, committed 8064K, reserved 1048576K
}
Event: 1410.705 GC heap after
{Heap after GC invocations=493 (full 19):
 PSYoungGen      total 4096K, used 480K [0x00000000eab00000, 0x00000000eaf80000, 0x0000000100000000)
  eden space 3072K, 0% used [0x00000000eab00000,0x00000000eab00000,0x00000000eae00000)
  from space 1024K, 46% used [0x00000000eae00000,0x00000000eae78000,0x00000000eaf00000)
  to   space 512K, 0% used [0x00000000eaf00000,0x00000000eaf00000,0x00000000eaf80000)
 ParOldGen       total 243200K, used 180415K [0x00000000c0000000, 0x00000000ced80000, 0x00000000eab00000)
  object space 243200K, 74% used [0x00000000c0000000,0x00000000cb02ffa8,0x00000000ced80000)
 Metaspace       used 75193K, committed 76160K, reserved 1122304K
  class space    used 7699K, committed 8064K, reserved 1048576K
}

